<?xml version="1.0" encoding="UTF-8"?>
<testng-results skipped="0" failed="1" total="1" passed="0">
  <reporter-output>
  </reporter-output>
  <suite name="Default suite" duration-ms="132" started-at="2015-12-15T10:05:42Z" finished-at="2015-12-15T10:05:42Z">
    <groups>
    </groups>
    <test name="Default test" duration-ms="132" started-at="2015-12-15T10:05:42Z" finished-at="2015-12-15T10:05:42Z">
      <class name="DemoNG.DemoTest">
        <test-method status="FAIL" signature="browseURL()[pri:0, instance:DemoNG.DemoTest@167e23c]" name="browseURL" duration-ms="95" started-at="2015-12-15T15:35:42Z" finished-at="2015-12-15T15:35:42Z">
          <exception class="org.openqa.selenium.WebDriverException">
            <message>
              <![CDATA[f.QueryInterface is not a function
Command duration or timeout: 68 milliseconds
Build info: version: '2.47.1', revision: '411b314', time: '2015-07-30 03:03:24'
System info: host: 'CSSLSYSTEM-329', ip: '172.30.5.215', os.name: 'Windows 7', os.arch: 'x86', os.version: '6.1', java.version: '1.8.0_45'
Driver info: org.openqa.selenium.firefox.FirefoxDriver
Capabilities [{applicationCacheEnabled=true, rotatable=false, handlesAlerts=true, databaseEnabled=true, version=42.0, platform=WINDOWS, nativeEvents=false, acceptSslCerts=true, webStorageEnabled=true, locationContextEnabled=true, browserName=firefox, takesScreenshot=true, javascriptEnabled=true, cssSelectorsEnabled=true}]
Session ID: b862394d-fe1e-4cf2-8dea-010bc77d77b6]]>
            </message>
            <full-stacktrace>
              <![CDATA[org.openqa.selenium.WebDriverException: f.QueryInterface is not a function
Command duration or timeout: 68 milliseconds
Build info: version: '2.47.1', revision: '411b314', time: '2015-07-30 03:03:24'
System info: host: 'CSSLSYSTEM-329', ip: '172.30.5.215', os.name: 'Windows 7', os.arch: 'x86', os.version: '6.1', java.version: '1.8.0_45'
Driver info: org.openqa.selenium.firefox.FirefoxDriver
Capabilities [{applicationCacheEnabled=true, rotatable=false, handlesAlerts=true, databaseEnabled=true, version=42.0, platform=WINDOWS, nativeEvents=false, acceptSslCerts=true, webStorageEnabled=true, locationContextEnabled=true, browserName=firefox, takesScreenshot=true, javascriptEnabled=true, cssSelectorsEnabled=true}]
Session ID: b862394d-fe1e-4cf2-8dea-010bc77d77b6
	at sun.reflect.NativeConstructorAccessorImpl.newInstance0(Native Method)
	at sun.reflect.NativeConstructorAccessorImpl.newInstance(Unknown Source)
	at sun.reflect.DelegatingConstructorAccessorImpl.newInstance(Unknown Source)
	at java.lang.reflect.Constructor.newInstance(Unknown Source)
	at org.openqa.selenium.remote.ErrorHandler.createThrowable(ErrorHandler.java:206)
	at org.openqa.selenium.remote.ErrorHandler.throwIfResponseFailed(ErrorHandler.java:158)
	at org.openqa.selenium.remote.RemoteWebDriver.execute(RemoteWebDriver.java:595)
	at org.openqa.selenium.remote.RemoteWebDriver.get(RemoteWebDriver.java:306)
	at DemoNG.DemoTest.browseURL(DemoTest.java:78)
	at sun.reflect.NativeMethodAccessorImpl.invoke0(Native Method)
	at sun.reflect.NativeMethodAccessorImpl.invoke(Unknown Source)
	at sun.reflect.DelegatingMethodAccessorImpl.invoke(Unknown Source)
	at java.lang.reflect.Method.invoke(Unknown Source)
	at org.testng.internal.MethodInvocationHelper.invokeMethod(MethodInvocationHelper.java:84)
	at org.testng.internal.Invoker.invokeMethod(Invoker.java:714)
	at org.testng.internal.Invoker.invokeTestMethod(Invoker.java:901)
	at org.testng.internal.Invoker.invokeTestMethods(Invoker.java:1231)
	at org.testng.internal.TestMethodWorker.invokeTestMethods(TestMethodWorker.java:127)
	at org.testng.internal.TestMethodWorker.run(TestMethodWorker.java:111)
	at org.testng.TestRunner.privateRun(TestRunner.java:767)
	at org.testng.TestRunner.run(TestRunner.java:617)
	at org.testng.SuiteRunner.runTest(SuiteRunner.java:334)
	at org.testng.SuiteRunner.runSequentially(SuiteRunner.java:329)
	at org.testng.SuiteRunner.privateRun(SuiteRunner.java:291)
	at org.testng.SuiteRunner.run(SuiteRunner.java:240)
	at org.testng.SuiteRunnerWorker.runSuite(SuiteRunnerWorker.java:52)
	at org.testng.SuiteRunnerWorker.run(SuiteRunnerWorker.java:86)
	at org.testng.TestNG.runSuitesSequentially(TestNG.java:1224)
	at org.testng.TestNG.runSuitesLocally(TestNG.java:1149)
	at org.testng.TestNG.run(TestNG.java:1057)
	at org.testng.remote.RemoteTestNG.run(RemoteTestNG.java:111)
	at org.testng.remote.RemoteTestNG.initAndRun(RemoteTestNG.java:204)
	at org.testng.remote.RemoteTestNG.main(RemoteTestNG.java:175)
Caused by: org.openqa.selenium.WebDriverException: f.QueryInterface is not a function
Build info: version: '2.47.1', revision: '411b314', time: '2015-07-30 03:03:24'
System info: host: 'CSSLSYSTEM-329', ip: '172.30.5.215', os.name: 'Windows 7', os.arch: 'x86', os.version: '6.1', java.version: '1.8.0_45'
Driver info: driver.version: unknown
	at <anonymous class>.FirefoxDriver.prototype.get(file:///C:/Users/ajaygi/AppData/Local/Temp/anonymous8769568825722457871webdriver-profile/extensions/fxdriver@googlecode.com/components/driver-component.js:10528)
	at <anonymous class>.DelayedCommand.prototype.executeInternal_/h(file:///C:/Users/ajaygi/AppData/Local/Temp/anonymous8769568825722457871webdriver-profile/extensions/fxdriver@googlecode.com/components/command-processor.js:12643)
	at <anonymous class>.DelayedCommand.prototype.executeInternal_(file:///C:/Users/ajaygi/AppData/Local/Temp/anonymous8769568825722457871webdriver-profile/extensions/fxdriver@googlecode.com/components/command-processor.js:12648)
	at <anonymous class>.DelayedCommand.prototype.execute/<(file:///C:/Users/ajaygi/AppData/Local/Temp/anonymous8769568825722457871webdriver-profile/extensions/fxdriver@googlecode.com/components/command-processor.js:12590)
]]>
            </full-stacktrace>
          </exception> <!-- org.openqa.selenium.WebDriverException -->
          <reporter-output>
          </reporter-output>
        </test-method> <!-- browseURL -->
      </class> <!-- DemoNG.DemoTest -->
    </test> <!-- Default test -->
  </suite> <!-- Default suite -->
</testng-results>
